{'dateTime':'2023-12-09 15:20:19','level':'error','message':'authAndGetInfo error','stack':'Error: authAndGetInfo error
    at authAndGetInfo (file:///C:/Users/Pio/Desktop/X-Client-Backend/x-client-backend/libs/auth.js:36:27)
    at Layer.handle [as handle_request] (C:\Users\Pio\Desktop\X-Client-Backend\x-client-backend\node_modules\express\lib\router\layer.js:95:5)
    at next (C:\Users\Pio\Desktop\X-Client-Backend\x-client-backend\node_modules\express\lib\router\route.js:144:13)
    at Route.dispatch (C:\Users\Pio\Desktop\X-Client-Backend\x-client-backend\node_modules\express\lib\router\route.js:114:3)
    at Layer.handle [as handle_request] (C:\Users\Pio\Desktop\X-Client-Backend\x-client-backend\node_modules\express\lib\router\layer.js:95:5)
    at C:\Users\Pio\Desktop\X-Client-Backend\x-client-backend\node_modules\express\lib\router\index.js:284:15
    at Function.process_params (C:\Users\Pio\Desktop\X-Client-Backend\x-client-backend\node_modules\express\lib\router\index.js:346:12)
    at next (C:\Users\Pio\Desktop\X-Client-Backend\x-client-backend\node_modules\express\lib\router\index.js:280:10)
    at Function.handle (C:\Users\Pio\Desktop\X-Client-Backend\x-client-backend\node_modules\express\lib\router\index.js:175:3)
    at router (C:\Users\Pio\Desktop\X-Client-Backend\x-client-backend\node_modules\express\lib\router\index.js:47:12)'}
{'dateTime':'2023-12-09 15:21:13','level':'error','message':'authAndGetInfo error','stack':'Error: authAndGetInfo error
    at authAndGetInfo (file:///C:/Users/Pio/Desktop/X-Client-Backend/x-client-backend/libs/auth.js:36:27)
    at Layer.handle [as handle_request] (C:\Users\Pio\Desktop\X-Client-Backend\x-client-backend\node_modules\express\lib\router\layer.js:95:5)
    at next (C:\Users\Pio\Desktop\X-Client-Backend\x-client-backend\node_modules\express\lib\router\route.js:144:13)
    at Route.dispatch (C:\Users\Pio\Desktop\X-Client-Backend\x-client-backend\node_modules\express\lib\router\route.js:114:3)
    at Layer.handle [as handle_request] (C:\Users\Pio\Desktop\X-Client-Backend\x-client-backend\node_modules\express\lib\router\layer.js:95:5)
    at C:\Users\Pio\Desktop\X-Client-Backend\x-client-backend\node_modules\express\lib\router\index.js:284:15
    at Function.process_params (C:\Users\Pio\Desktop\X-Client-Backend\x-client-backend\node_modules\express\lib\router\index.js:346:12)
    at next (C:\Users\Pio\Desktop\X-Client-Backend\x-client-backend\node_modules\express\lib\router\index.js:280:10)
    at Function.handle (C:\Users\Pio\Desktop\X-Client-Backend\x-client-backend\node_modules\express\lib\router\index.js:175:3)
    at router (C:\Users\Pio\Desktop\X-Client-Backend\x-client-backend\node_modules\express\lib\router\index.js:47:12)'}
{'dateTime':'2023-12-09 19:59:28','level':'error','message':'checkDuplicate exist error','stack':'Error: checkDuplicate exist error
    at createUser (file:///C:/Users/Pio/Desktop/X-Client-Backend/x-client-backend/controllers/userController.js:495:27)
    at process.processTicksAndRejections (node:internal/process/task_queues:95:5)'}
{'dateTime':'2023-12-09 21:02:54','level':'error','message':'id or password does not match error','stack':'Error: id or password does not match error
    at login (file:///C:/Users/Pio/Desktop/X-Client-Backend/x-client-backend/controllers/userController.js:134:27)
    at process.processTicksAndRejections (node:internal/process/task_queues:95:5)'}
{'dateTime':'2023-12-09 21:08:31','level':'error','message':'id or password does not match error','stack':'Error: id or password does not match error
    at login (file:///C:/Users/Pio/Desktop/X-Client-Backend/x-client-backend/controllers/userController.js:134:27)
    at process.processTicksAndRejections (node:internal/process/task_queues:95:5)'}
{'dateTime':'2023-12-09 21:08:53','level':'error','message':'id or password does not match error','stack':'Error: id or password does not match error
    at login (file:///C:/Users/Pio/Desktop/X-Client-Backend/x-client-backend/controllers/userController.js:134:27)
    at process.processTicksAndRejections (node:internal/process/task_queues:95:5)'}
